

Started GET "/" for 127.0.0.1 at 2012-06-01 11:12:17 +0200
Processing by StaticPagesController#home as HTML
  Rendered static_pages/home.html.erb within layouts/application (9.9ms)
Completed 500 Internal Server Error in 41ms

ActionView::Template::Error (rails.png isn't precompiled):
    30:                                 class: "btn btn-large btn-primary" %>
    31:   </div>
    32: 
    33:   <%= link_to image_tag("rails.png", alt: "Rails"), 'http://rubyonrails.org/' %>
    34: <% end %> 
  app/views/static_pages/home.html.erb:33:in `_app_views_static_pages_home_html_erb___472310423840077072_70138835129280'




Started GET "/favicon.ico" for 127.0.0.1 at 2012-06-01 11:12:17 +0200

ActionController::RoutingError (No route matches [GET] "/favicon.ico"):
  actionpack (3.2.1) lib/action_dispatch/middleware/debug_exceptions.rb:21:in `call'
  actionpack (3.2.1) lib/action_dispatch/middleware/show_exceptions.rb:56:in `call'
  railties (3.2.1) lib/rails/rack/logger.rb:26:in `call_app'
  railties (3.2.1) lib/rails/rack/logger.rb:16:in `call'
  actionpack (3.2.1) lib/action_dispatch/middleware/request_id.rb:22:in `call'
  rack (1.4.1) lib/rack/methodoverride.rb:21:in `call'
  rack (1.4.1) lib/rack/runtime.rb:17:in `call'
  activesupport (3.2.1) lib/active_support/cache/strategy/local_cache.rb:72:in `call'
  rack (1.4.1) lib/rack/lock.rb:15:in `call'
  rack-cache (1.2) lib/rack/cache/context.rb:136:in `forward'
  rack-cache (1.2) lib/rack/cache/context.rb:245:in `fetch'
  rack-cache (1.2) lib/rack/cache/context.rb:185:in `lookup'
  rack-cache (1.2) lib/rack/cache/context.rb:66:in `call!'
  rack-cache (1.2) lib/rack/cache/context.rb:51:in `call'
  railties (3.2.1) lib/rails/engine.rb:479:in `call'
  railties (3.2.1) lib/rails/application.rb:220:in `call'
  rack (1.4.1) lib/rack/content_length.rb:14:in `call'
  railties (3.2.1) lib/rails/rack/log_tailer.rb:14:in `call'
  rack (1.4.1) lib/rack/handler/webrick.rb:59:in `service'
  /Users/dwiedenbruch/.rvm/rubies/ruby-1.9.3-p194/lib/ruby/1.9.1/webrick/httpserver.rb:138:in `service'
  /Users/dwiedenbruch/.rvm/rubies/ruby-1.9.3-p194/lib/ruby/1.9.1/webrick/httpserver.rb:94:in `run'
  /Users/dwiedenbruch/.rvm/rubies/ruby-1.9.3-p194/lib/ruby/1.9.1/webrick/server.rb:191:in `block in start_thread'


Migrating to CreateUsers (20120503133037)
Migrating to AddIndexToUsersEmail (20120503181917)
Migrating to AddPasswordDigestToUsers (20120503182520)
Migrating to AddRememberTokenToUsers (20120507054724)
Migrating to AddAdminToUsers (20120515195109)
Migrating to CreateMicroposts (20120516061053)
Migrating to CreateRelationships (20120522063640)


Started GET "/" for 127.0.0.1 at 2012-06-01 11:16:39 +0200
Processing by StaticPagesController#home as HTML
  Rendered static_pages/home.html.erb within layouts/application (7.6ms)
Completed 500 Internal Server Error in 40ms

ActionView::Template::Error (rails.png isn't precompiled):
    30:                                 class: "btn btn-large btn-primary" %>
    31:   </div>
    32: 
    33:   <%= link_to image_tag("rails.png", alt: "Rails"), 'http://rubyonrails.org/' %>
    34: <% end %> 
  app/views/static_pages/home.html.erb:33:in `_app_views_static_pages_home_html_erb__4380565688664865787_70238260169960'




Started GET "/" for 127.0.0.1 at 2012-06-01 11:33:16 +0200
Processing by StaticPagesController#home as HTML
  Rendered static_pages/home.html.erb within layouts/application (7.9ms)
Completed 500 Internal Server Error in 18ms

ActionView::Template::Error (rails.png isn't precompiled):
    30:                                 class: "btn btn-large btn-primary" %>
    31:   </div>
    32: 
    33:   <%= link_to image_tag("rails.png", alt: "Rails"), 'http://rubyonrails.org/' %>
    34: <% end %> 
  app/views/static_pages/home.html.erb:33:in `_app_views_static_pages_home_html_erb___2146596206164077369_70187524083880'


  Rendered /Users/dwiedenbruch/.rvm/gems/ruby-1.9.3-p194/gems/actionpack-3.2.1/lib/action_dispatch/middleware/templates/rescues/_trace.erb (3.0ms)
  Rendered /Users/dwiedenbruch/.rvm/gems/ruby-1.9.3-p194/gems/actionpack-3.2.1/lib/action_dispatch/middleware/templates/rescues/_request_and_response.erb (0.8ms)
  Rendered /Users/dwiedenbruch/.rvm/gems/ruby-1.9.3-p194/gems/actionpack-3.2.1/lib/action_dispatch/middleware/templates/rescues/template_error.erb within rescues/layout (9.1ms)


Started GET "/" for 127.0.0.1 at 2012-06-01 11:34:04 +0200
Processing by StaticPagesController#home as HTML
  Rendered static_pages/home.html.erb within layouts/application (11.2ms)
Compiled custom.css  (726ms)  (pid 20704)
Compiled sessions.css  (1ms)  (pid 20704)
Compiled static_pages.css  (1ms)  (pid 20704)
Compiled users.css  (1ms)  (pid 20704)
Compiled application.css  (752ms)  (pid 20704)
Compiled jquery.js  (2ms)  (pid 20704)
Compiled jquery_ujs.js  (0ms)  (pid 20704)
Compiled bootstrap-transition.js  (0ms)  (pid 20704)
Compiled bootstrap-alert.js  (0ms)  (pid 20704)
Compiled bootstrap-button.js  (0ms)  (pid 20704)
Compiled bootstrap-carousel.js  (0ms)  (pid 20704)
Compiled bootstrap-collapse.js  (0ms)  (pid 20704)
Compiled bootstrap-dropdown.js  (0ms)  (pid 20704)
Compiled bootstrap-modal.js  (0ms)  (pid 20704)
Compiled bootstrap-scrollspy.js  (0ms)  (pid 20704)
Compiled bootstrap-tab.js  (0ms)  (pid 20704)
Compiled bootstrap-tooltip.js  (0ms)  (pid 20704)
Compiled bootstrap-popover.js  (0ms)  (pid 20704)
Compiled bootstrap-typeahead.js  (0ms)  (pid 20704)
Compiled bootstrap.js  (70ms)  (pid 20704)
Compiled sessions.js  (173ms)  (pid 20704)
Compiled static_pages.js  (102ms)  (pid 20704)
Compiled users.js  (69ms)  (pid 20704)
Compiled application.js  (475ms)  (pid 20704)
  Rendered layouts/_shim.html.erb (0.5ms)
  Rendered layouts/_header.html.erb (2.0ms)
  Rendered layouts/_footer.html.erb (1.1ms)
Completed 200 OK in 4602ms (Views: 4601.4ms | ActiveRecord: 0.0ms)


Started GET "/assets/application-e3ad8f38ad46c6e5f87977a41552c601.css" for 127.0.0.1 at 2012-06-01 11:34:09 +0200
Served asset /application-e3ad8f38ad46c6e5f87977a41552c601.css - 200 OK (0ms)


Started GET "/assets/application-19aac1d4671b544e85197efab58ed152.js" for 127.0.0.1 at 2012-06-01 11:34:09 +0200
Served asset /application-19aac1d4671b544e85197efab58ed152.js - 200 OK (0ms)


Started GET "/assets/rails-be8732dac73d845ac5b142c8fb5f9fb0.png" for 127.0.0.1 at 2012-06-01 11:34:09 +0200
Served asset /rails-be8732dac73d845ac5b142c8fb5f9fb0.png - 200 OK (0ms)


Started GET "/signup" for 127.0.0.1 at 2012-06-01 11:34:12 +0200
Processing by UsersController#new as HTML
  Rendered shared/_error_messages.html.erb (0.4ms)
  Rendered users/new.html.erb within layouts/application (3.8ms)
  Rendered layouts/_shim.html.erb (0.0ms)
  Rendered layouts/_header.html.erb (0.7ms)
  Rendered layouts/_footer.html.erb (0.4ms)
Completed 200 OK in 23ms (Views: 11.1ms | ActiveRecord: 3.6ms)
